The system is: Linux - 3.17.4-301.fc21.x86_64 - x86_64
Compiling the C compiler identification source file "CMakeCCompilerId.c" succeeded.
Compiler: /usr/bin/clang 
Build flags: 
Id flags: 

The output was:
0


Compilation of the C compiler identification source "CMakeCCompilerId.c" produced "a.out"

The C compiler identification is Clang, found in "/root/DeviceMonitor/build/CMakeFiles/3.0.2/CompilerIdC/a.out"

Compiling the CXX compiler identification source file "CMakeCXXCompilerId.cpp" succeeded.
Compiler: /usr/bin/clang++ 
Build flags: 
Id flags: 

The output was:
0


Compilation of the CXX compiler identification source "CMakeCXXCompilerId.cpp" produced "a.out"

The CXX compiler identification is Clang, found in "/root/DeviceMonitor/build/CMakeFiles/3.0.2/CompilerIdCXX/a.out"

Determining if the C compiler works passed with the following output:
Change Dir: /root/DeviceMonitor/build/CMakeFiles/CMakeTmp

Run Build Command:"/bin/gmake" "cmTryCompileExec2389680183/fast"
/bin/gmake -f CMakeFiles/cmTryCompileExec2389680183.dir/build.make CMakeFiles/cmTryCompileExec2389680183.dir/build
gmake[1]: Entering directory '/root/DeviceMonitor/build/CMakeFiles/CMakeTmp'
/usr/bin/cmake -E cmake_progress_report /root/DeviceMonitor/build/CMakeFiles/CMakeTmp/CMakeFiles 1
Building C object CMakeFiles/cmTryCompileExec2389680183.dir/testCCompiler.c.o
/usr/bin/clang    -o CMakeFiles/cmTryCompileExec2389680183.dir/testCCompiler.c.o   -c /root/DeviceMonitor/build/CMakeFiles/CMakeTmp/testCCompiler.c
Linking C executable cmTryCompileExec2389680183
/usr/bin/cmake -E cmake_link_script CMakeFiles/cmTryCompileExec2389680183.dir/link.txt --verbose=1
/usr/bin/clang       CMakeFiles/cmTryCompileExec2389680183.dir/testCCompiler.c.o  -o cmTryCompileExec2389680183 -rdynamic 
gmake[1]: Leaving directory '/root/DeviceMonitor/build/CMakeFiles/CMakeTmp'


Detecting C compiler ABI info compiled with the following output:
Change Dir: /root/DeviceMonitor/build/CMakeFiles/CMakeTmp

Run Build Command:"/bin/gmake" "cmTryCompileExec651313974/fast"
/bin/gmake -f CMakeFiles/cmTryCompileExec651313974.dir/build.make CMakeFiles/cmTryCompileExec651313974.dir/build
gmake[1]: Entering directory '/root/DeviceMonitor/build/CMakeFiles/CMakeTmp'
/usr/bin/cmake -E cmake_progress_report /root/DeviceMonitor/build/CMakeFiles/CMakeTmp/CMakeFiles 1
Building C object CMakeFiles/cmTryCompileExec651313974.dir/CMakeCCompilerABI.c.o
/usr/bin/clang    -o CMakeFiles/cmTryCompileExec651313974.dir/CMakeCCompilerABI.c.o   -c /usr/share/cmake/Modules/CMakeCCompilerABI.c
Linking C executable cmTryCompileExec651313974
/usr/bin/cmake -E cmake_link_script CMakeFiles/cmTryCompileExec651313974.dir/link.txt --verbose=1
/usr/bin/clang     -v CMakeFiles/cmTryCompileExec651313974.dir/CMakeCCompilerABI.c.o  -o cmTryCompileExec651313974 -rdynamic  
clang version 3.5.0 (tags/RELEASE_350/final)
Target: x86_64-redhat-linux-gnu
Thread model: posix
Found candidate GCC installation: /usr/bin/../lib/gcc/x86_64-redhat-linux/4.9.2
Found candidate GCC installation: /usr/lib/gcc/x86_64-redhat-linux/4.9.2
Selected GCC installation: /usr/bin/../lib/gcc/x86_64-redhat-linux/4.9.2
Candidate multilib: .;@m64
Candidate multilib: 32;@m32
Selected multilib: .;@m64
 "/usr/bin/ld" -export-dynamic --hash-style=gnu --no-add-needed --build-id --eh-frame-hdr -m elf_x86_64 -dynamic-linker /lib64/ld-linux-x86-64.so.2 -o cmTryCompileExec651313974 /usr/bin/../lib/gcc/x86_64-redhat-linux/4.9.2/../../../../lib64/crt1.o /usr/bin/../lib/gcc/x86_64-redhat-linux/4.9.2/../../../../lib64/crti.o /usr/bin/../lib/gcc/x86_64-redhat-linux/4.9.2/crtbegin.o -L/usr/bin/../lib/gcc/x86_64-redhat-linux/4.9.2 -L/usr/bin/../lib/gcc/x86_64-redhat-linux/4.9.2/../../../../lib64 -L/usr/bin/../lib64 -L/lib/../lib64 -L/usr/lib/../lib64 -L/usr/bin/../lib/gcc/x86_64-redhat-linux/4.9.2/../../.. -L/usr/bin/../lib -L/lib -L/usr/lib CMakeFiles/cmTryCompileExec651313974.dir/CMakeCCompilerABI.c.o -lgcc --as-needed -lgcc_s --no-as-needed -lc -lgcc --as-needed -lgcc_s --no-as-needed /usr/bin/../lib/gcc/x86_64-redhat-linux/4.9.2/crtend.o /usr/bin/../lib/gcc/x86_64-redhat-linux/4.9.2/../../../../lib64/crtn.o
gmake[1]: Leaving directory '/root/DeviceMonitor/build/CMakeFiles/CMakeTmp'


Parsed C implicit link information from above output:
  link line regex: [^( *|.*[/\])(ld|([^/\]+-)?ld|collect2)[^/\]*( |$)]
  ignore line: [Change Dir: /root/DeviceMonitor/build/CMakeFiles/CMakeTmp]
  ignore line: []
  ignore line: [Run Build Command:"/bin/gmake" "cmTryCompileExec651313974/fast"]
  ignore line: [/bin/gmake -f CMakeFiles/cmTryCompileExec651313974.dir/build.make CMakeFiles/cmTryCompileExec651313974.dir/build]
  ignore line: [gmake[1]: Entering directory '/root/DeviceMonitor/build/CMakeFiles/CMakeTmp']
  ignore line: [/usr/bin/cmake -E cmake_progress_report /root/DeviceMonitor/build/CMakeFiles/CMakeTmp/CMakeFiles 1]
  ignore line: [Building C object CMakeFiles/cmTryCompileExec651313974.dir/CMakeCCompilerABI.c.o]
  ignore line: [/usr/bin/clang    -o CMakeFiles/cmTryCompileExec651313974.dir/CMakeCCompilerABI.c.o   -c /usr/share/cmake/Modules/CMakeCCompilerABI.c]
  ignore line: [Linking C executable cmTryCompileExec651313974]
  ignore line: [/usr/bin/cmake -E cmake_link_script CMakeFiles/cmTryCompileExec651313974.dir/link.txt --verbose=1]
  ignore line: [/usr/bin/clang     -v CMakeFiles/cmTryCompileExec651313974.dir/CMakeCCompilerABI.c.o  -o cmTryCompileExec651313974 -rdynamic  ]
  ignore line: [clang version 3.5.0 (tags/RELEASE_350/final)]
  ignore line: [Target: x86_64-redhat-linux-gnu]
  ignore line: [Thread model: posix]
  ignore line: [Found candidate GCC installation: /usr/bin/../lib/gcc/x86_64-redhat-linux/4.9.2]
  ignore line: [Found candidate GCC installation: /usr/lib/gcc/x86_64-redhat-linux/4.9.2]
  ignore line: [Selected GCC installation: /usr/bin/../lib/gcc/x86_64-redhat-linux/4.9.2]
  ignore line: [Candidate multilib: .]
  ignore line: [@m64]
  ignore line: [Candidate multilib: 32]
  ignore line: [@m32]
  ignore line: [Selected multilib: .]
  ignore line: [@m64]
  link line: [ "/usr/bin/ld" -export-dynamic --hash-style=gnu --no-add-needed --build-id --eh-frame-hdr -m elf_x86_64 -dynamic-linker /lib64/ld-linux-x86-64.so.2 -o cmTryCompileExec651313974 /usr/bin/../lib/gcc/x86_64-redhat-linux/4.9.2/../../../../lib64/crt1.o /usr/bin/../lib/gcc/x86_64-redhat-linux/4.9.2/../../../../lib64/crti.o /usr/bin/../lib/gcc/x86_64-redhat-linux/4.9.2/crtbegin.o -L/usr/bin/../lib/gcc/x86_64-redhat-linux/4.9.2 -L/usr/bin/../lib/gcc/x86_64-redhat-linux/4.9.2/../../../../lib64 -L/usr/bin/../lib64 -L/lib/../lib64 -L/usr/lib/../lib64 -L/usr/bin/../lib/gcc/x86_64-redhat-linux/4.9.2/../../.. -L/usr/bin/../lib -L/lib -L/usr/lib CMakeFiles/cmTryCompileExec651313974.dir/CMakeCCompilerABI.c.o -lgcc --as-needed -lgcc_s --no-as-needed -lc -lgcc --as-needed -lgcc_s --no-as-needed /usr/bin/../lib/gcc/x86_64-redhat-linux/4.9.2/crtend.o /usr/bin/../lib/gcc/x86_64-redhat-linux/4.9.2/../../../../lib64/crtn.o]
    arg [/usr/bin/ld] ==> ignore
    arg [-export-dynamic] ==> ignore
    arg [--hash-style=gnu] ==> ignore
    arg [--no-add-needed] ==> ignore
    arg [--build-id] ==> ignore
    arg [--eh-frame-hdr] ==> ignore
    arg [-m] ==> ignore
    arg [elf_x86_64] ==> ignore
    arg [-dynamic-linker] ==> ignore
    arg [/lib64/ld-linux-x86-64.so.2] ==> ignore
    arg [-o] ==> ignore
    arg [cmTryCompileExec651313974] ==> ignore
    arg [/usr/bin/../lib/gcc/x86_64-redhat-linux/4.9.2/../../../../lib64/crt1.o] ==> ignore
    arg [/usr/bin/../lib/gcc/x86_64-redhat-linux/4.9.2/../../../../lib64/crti.o] ==> ignore
    arg [/usr/bin/../lib/gcc/x86_64-redhat-linux/4.9.2/crtbegin.o] ==> ignore
    arg [-L/usr/bin/../lib/gcc/x86_64-redhat-linux/4.9.2] ==> dir [/usr/bin/../lib/gcc/x86_64-redhat-linux/4.9.2]
    arg [-L/usr/bin/../lib/gcc/x86_64-redhat-linux/4.9.2/../../../../lib64] ==> dir [/usr/bin/../lib/gcc/x86_64-redhat-linux/4.9.2/../../../../lib64]
    arg [-L/usr/bin/../lib64] ==> dir [/usr/bin/../lib64]
    arg [-L/lib/../lib64] ==> dir [/lib/../lib64]
    arg [-L/usr/lib/../lib64] ==> dir [/usr/lib/../lib64]
    arg [-L/usr/bin/../lib/gcc/x86_64-redhat-linux/4.9.2/../../..] ==> dir [/usr/bin/../lib/gcc/x86_64-redhat-linux/4.9.2/../../..]
    arg [-L/usr/bin/../lib] ==> dir [/usr/bin/../lib]
    arg [-L/lib] ==> dir [/lib]
    arg [-L/usr/lib] ==> dir [/usr/lib]
    arg [CMakeFiles/cmTryCompileExec651313974.dir/CMakeCCompilerABI.c.o] ==> ignore
    arg [-lgcc] ==> lib [gcc]
    arg [--as-needed] ==> ignore
    arg [-lgcc_s] ==> lib [gcc_s]
    arg [--no-as-needed] ==> ignore
    arg [-lc] ==> lib [c]
    arg [-lgcc] ==> lib [gcc]
    arg [--as-needed] ==> ignore
    arg [-lgcc_s] ==> lib [gcc_s]
    arg [--no-as-needed] ==> ignore
    arg [/usr/bin/../lib/gcc/x86_64-redhat-linux/4.9.2/crtend.o] ==> ignore
    arg [/usr/bin/../lib/gcc/x86_64-redhat-linux/4.9.2/../../../../lib64/crtn.o] ==> ignore
  remove lib [gcc]
  remove lib [gcc_s]
  remove lib [gcc]
  remove lib [gcc_s]
  collapse library dir [/usr/bin/../lib/gcc/x86_64-redhat-linux/4.9.2] ==> [/usr/lib/gcc/x86_64-redhat-linux/4.9.2]
  collapse library dir [/usr/bin/../lib/gcc/x86_64-redhat-linux/4.9.2/../../../../lib64] ==> [/usr/lib64]
  collapse library dir [/usr/bin/../lib64] ==> [/usr/lib64]
  collapse library dir [/lib/../lib64] ==> [/lib64]
  collapse library dir [/usr/lib/../lib64] ==> [/usr/lib64]
  collapse library dir [/usr/bin/../lib/gcc/x86_64-redhat-linux/4.9.2/../../..] ==> [/usr/lib]
  collapse library dir [/usr/bin/../lib] ==> [/usr/lib]
  collapse library dir [/lib] ==> [/lib]
  collapse library dir [/usr/lib] ==> [/usr/lib]
  implicit libs: [c]
  implicit dirs: [/usr/lib/gcc/x86_64-redhat-linux/4.9.2;/usr/lib64;/lib64;/usr/lib;/lib]
  implicit fwks: []


Determining if the CXX compiler works passed with the following output:
Change Dir: /root/DeviceMonitor/build/CMakeFiles/CMakeTmp

Run Build Command:"/bin/gmake" "cmTryCompileExec3408753217/fast"
/bin/gmake -f CMakeFiles/cmTryCompileExec3408753217.dir/build.make CMakeFiles/cmTryCompileExec3408753217.dir/build
gmake[1]: Entering directory '/root/DeviceMonitor/build/CMakeFiles/CMakeTmp'
/usr/bin/cmake -E cmake_progress_report /root/DeviceMonitor/build/CMakeFiles/CMakeTmp/CMakeFiles 1
Building CXX object CMakeFiles/cmTryCompileExec3408753217.dir/testCXXCompiler.cxx.o
/usr/bin/clang++     -o CMakeFiles/cmTryCompileExec3408753217.dir/testCXXCompiler.cxx.o -c /root/DeviceMonitor/build/CMakeFiles/CMakeTmp/testCXXCompiler.cxx
Linking CXX executable cmTryCompileExec3408753217
/usr/bin/cmake -E cmake_link_script CMakeFiles/cmTryCompileExec3408753217.dir/link.txt --verbose=1
/usr/bin/clang++        CMakeFiles/cmTryCompileExec3408753217.dir/testCXXCompiler.cxx.o  -o cmTryCompileExec3408753217 -rdynamic 
gmake[1]: Leaving directory '/root/DeviceMonitor/build/CMakeFiles/CMakeTmp'


Detecting CXX compiler ABI info compiled with the following output:
Change Dir: /root/DeviceMonitor/build/CMakeFiles/CMakeTmp

Run Build Command:"/bin/gmake" "cmTryCompileExec1752359832/fast"
/bin/gmake -f CMakeFiles/cmTryCompileExec1752359832.dir/build.make CMakeFiles/cmTryCompileExec1752359832.dir/build
gmake[1]: Entering directory '/root/DeviceMonitor/build/CMakeFiles/CMakeTmp'
/usr/bin/cmake -E cmake_progress_report /root/DeviceMonitor/build/CMakeFiles/CMakeTmp/CMakeFiles 1
Building CXX object CMakeFiles/cmTryCompileExec1752359832.dir/CMakeCXXCompilerABI.cpp.o
/usr/bin/clang++     -o CMakeFiles/cmTryCompileExec1752359832.dir/CMakeCXXCompilerABI.cpp.o -c /usr/share/cmake/Modules/CMakeCXXCompilerABI.cpp
Linking CXX executable cmTryCompileExec1752359832
/usr/bin/cmake -E cmake_link_script CMakeFiles/cmTryCompileExec1752359832.dir/link.txt --verbose=1
/usr/bin/clang++      -v CMakeFiles/cmTryCompileExec1752359832.dir/CMakeCXXCompilerABI.cpp.o  -o cmTryCompileExec1752359832 -rdynamic  
clang version 3.5.0 (tags/RELEASE_350/final)
Target: x86_64-redhat-linux-gnu
Thread model: posix
Found candidate GCC installation: /usr/bin/../lib/gcc/x86_64-redhat-linux/4.9.2
Found candidate GCC installation: /usr/lib/gcc/x86_64-redhat-linux/4.9.2
Selected GCC installation: /usr/bin/../lib/gcc/x86_64-redhat-linux/4.9.2
Candidate multilib: .;@m64
Candidate multilib: 32;@m32
Selected multilib: .;@m64
 "/usr/bin/ld" -export-dynamic --hash-style=gnu --no-add-needed --build-id --eh-frame-hdr -m elf_x86_64 -dynamic-linker /lib64/ld-linux-x86-64.so.2 -o cmTryCompileExec1752359832 /usr/bin/../lib/gcc/x86_64-redhat-linux/4.9.2/../../../../lib64/crt1.o /usr/bin/../lib/gcc/x86_64-redhat-linux/4.9.2/../../../../lib64/crti.o /usr/bin/../lib/gcc/x86_64-redhat-linux/4.9.2/crtbegin.o -L/usr/bin/../lib/gcc/x86_64-redhat-linux/4.9.2 -L/usr/bin/../lib/gcc/x86_64-redhat-linux/4.9.2/../../../../lib64 -L/usr/bin/../lib64 -L/lib/../lib64 -L/usr/lib/../lib64 -L/usr/bin/../lib/gcc/x86_64-redhat-linux/4.9.2/../../.. -L/usr/bin/../lib -L/lib -L/usr/lib CMakeFiles/cmTryCompileExec1752359832.dir/CMakeCXXCompilerABI.cpp.o -lstdc++ -lm -lgcc_s -lgcc -lc -lgcc_s -lgcc /usr/bin/../lib/gcc/x86_64-redhat-linux/4.9.2/crtend.o /usr/bin/../lib/gcc/x86_64-redhat-linux/4.9.2/../../../../lib64/crtn.o
gmake[1]: Leaving directory '/root/DeviceMonitor/build/CMakeFiles/CMakeTmp'


Parsed CXX implicit link information from above output:
  link line regex: [^( *|.*[/\])(ld|([^/\]+-)?ld|collect2)[^/\]*( |$)]
  ignore line: [Change Dir: /root/DeviceMonitor/build/CMakeFiles/CMakeTmp]
  ignore line: []
  ignore line: [Run Build Command:"/bin/gmake" "cmTryCompileExec1752359832/fast"]
  ignore line: [/bin/gmake -f CMakeFiles/cmTryCompileExec1752359832.dir/build.make CMakeFiles/cmTryCompileExec1752359832.dir/build]
  ignore line: [gmake[1]: Entering directory '/root/DeviceMonitor/build/CMakeFiles/CMakeTmp']
  ignore line: [/usr/bin/cmake -E cmake_progress_report /root/DeviceMonitor/build/CMakeFiles/CMakeTmp/CMakeFiles 1]
  ignore line: [Building CXX object CMakeFiles/cmTryCompileExec1752359832.dir/CMakeCXXCompilerABI.cpp.o]
  ignore line: [/usr/bin/clang++     -o CMakeFiles/cmTryCompileExec1752359832.dir/CMakeCXXCompilerABI.cpp.o -c /usr/share/cmake/Modules/CMakeCXXCompilerABI.cpp]
  ignore line: [Linking CXX executable cmTryCompileExec1752359832]
  ignore line: [/usr/bin/cmake -E cmake_link_script CMakeFiles/cmTryCompileExec1752359832.dir/link.txt --verbose=1]
  ignore line: [/usr/bin/clang++      -v CMakeFiles/cmTryCompileExec1752359832.dir/CMakeCXXCompilerABI.cpp.o  -o cmTryCompileExec1752359832 -rdynamic  ]
  ignore line: [clang version 3.5.0 (tags/RELEASE_350/final)]
  ignore line: [Target: x86_64-redhat-linux-gnu]
  ignore line: [Thread model: posix]
  ignore line: [Found candidate GCC installation: /usr/bin/../lib/gcc/x86_64-redhat-linux/4.9.2]
  ignore line: [Found candidate GCC installation: /usr/lib/gcc/x86_64-redhat-linux/4.9.2]
  ignore line: [Selected GCC installation: /usr/bin/../lib/gcc/x86_64-redhat-linux/4.9.2]
  ignore line: [Candidate multilib: .]
  ignore line: [@m64]
  ignore line: [Candidate multilib: 32]
  ignore line: [@m32]
  ignore line: [Selected multilib: .]
  ignore line: [@m64]
  link line: [ "/usr/bin/ld" -export-dynamic --hash-style=gnu --no-add-needed --build-id --eh-frame-hdr -m elf_x86_64 -dynamic-linker /lib64/ld-linux-x86-64.so.2 -o cmTryCompileExec1752359832 /usr/bin/../lib/gcc/x86_64-redhat-linux/4.9.2/../../../../lib64/crt1.o /usr/bin/../lib/gcc/x86_64-redhat-linux/4.9.2/../../../../lib64/crti.o /usr/bin/../lib/gcc/x86_64-redhat-linux/4.9.2/crtbegin.o -L/usr/bin/../lib/gcc/x86_64-redhat-linux/4.9.2 -L/usr/bin/../lib/gcc/x86_64-redhat-linux/4.9.2/../../../../lib64 -L/usr/bin/../lib64 -L/lib/../lib64 -L/usr/lib/../lib64 -L/usr/bin/../lib/gcc/x86_64-redhat-linux/4.9.2/../../.. -L/usr/bin/../lib -L/lib -L/usr/lib CMakeFiles/cmTryCompileExec1752359832.dir/CMakeCXXCompilerABI.cpp.o -lstdc++ -lm -lgcc_s -lgcc -lc -lgcc_s -lgcc /usr/bin/../lib/gcc/x86_64-redhat-linux/4.9.2/crtend.o /usr/bin/../lib/gcc/x86_64-redhat-linux/4.9.2/../../../../lib64/crtn.o]
    arg [/usr/bin/ld] ==> ignore
    arg [-export-dynamic] ==> ignore
    arg [--hash-style=gnu] ==> ignore
    arg [--no-add-needed] ==> ignore
    arg [--build-id] ==> ignore
    arg [--eh-frame-hdr] ==> ignore
    arg [-m] ==> ignore
    arg [elf_x86_64] ==> ignore
    arg [-dynamic-linker] ==> ignore
    arg [/lib64/ld-linux-x86-64.so.2] ==> ignore
    arg [-o] ==> ignore
    arg [cmTryCompileExec1752359832] ==> ignore
    arg [/usr/bin/../lib/gcc/x86_64-redhat-linux/4.9.2/../../../../lib64/crt1.o] ==> ignore
    arg [/usr/bin/../lib/gcc/x86_64-redhat-linux/4.9.2/../../../../lib64/crti.o] ==> ignore
    arg [/usr/bin/../lib/gcc/x86_64-redhat-linux/4.9.2/crtbegin.o] ==> ignore
    arg [-L/usr/bin/../lib/gcc/x86_64-redhat-linux/4.9.2] ==> dir [/usr/bin/../lib/gcc/x86_64-redhat-linux/4.9.2]
    arg [-L/usr/bin/../lib/gcc/x86_64-redhat-linux/4.9.2/../../../../lib64] ==> dir [/usr/bin/../lib/gcc/x86_64-redhat-linux/4.9.2/../../../../lib64]
    arg [-L/usr/bin/../lib64] ==> dir [/usr/bin/../lib64]
    arg [-L/lib/../lib64] ==> dir [/lib/../lib64]
    arg [-L/usr/lib/../lib64] ==> dir [/usr/lib/../lib64]
    arg [-L/usr/bin/../lib/gcc/x86_64-redhat-linux/4.9.2/../../..] ==> dir [/usr/bin/../lib/gcc/x86_64-redhat-linux/4.9.2/../../..]
    arg [-L/usr/bin/../lib] ==> dir [/usr/bin/../lib]
    arg [-L/lib] ==> dir [/lib]
    arg [-L/usr/lib] ==> dir [/usr/lib]
    arg [CMakeFiles/cmTryCompileExec1752359832.dir/CMakeCXXCompilerABI.cpp.o] ==> ignore
    arg [-lstdc++] ==> lib [stdc++]
    arg [-lm] ==> lib [m]
    arg [-lgcc_s] ==> lib [gcc_s]
    arg [-lgcc] ==> lib [gcc]
    arg [-lc] ==> lib [c]
    arg [-lgcc_s] ==> lib [gcc_s]
    arg [-lgcc] ==> lib [gcc]
    arg [/usr/bin/../lib/gcc/x86_64-redhat-linux/4.9.2/crtend.o] ==> ignore
    arg [/usr/bin/../lib/gcc/x86_64-redhat-linux/4.9.2/../../../../lib64/crtn.o] ==> ignore
  remove lib [gcc_s]
  remove lib [gcc]
  remove lib [gcc_s]
  remove lib [gcc]
  collapse library dir [/usr/bin/../lib/gcc/x86_64-redhat-linux/4.9.2] ==> [/usr/lib/gcc/x86_64-redhat-linux/4.9.2]
  collapse library dir [/usr/bin/../lib/gcc/x86_64-redhat-linux/4.9.2/../../../../lib64] ==> [/usr/lib64]
  collapse library dir [/usr/bin/../lib64] ==> [/usr/lib64]
  collapse library dir [/lib/../lib64] ==> [/lib64]
  collapse library dir [/usr/lib/../lib64] ==> [/usr/lib64]
  collapse library dir [/usr/bin/../lib/gcc/x86_64-redhat-linux/4.9.2/../../..] ==> [/usr/lib]
  collapse library dir [/usr/bin/../lib] ==> [/usr/lib]
  collapse library dir [/lib] ==> [/lib]
  collapse library dir [/usr/lib] ==> [/usr/lib]
  implicit libs: [stdc++;m;c]
  implicit dirs: [/usr/lib/gcc/x86_64-redhat-linux/4.9.2;/usr/lib64;/lib64;/usr/lib;/lib]
  implicit fwks: []


